1588559287509	mozrunner::runner	INFO	Running command: "D:\\Program Files\\Firefox\\firefox.exe" "-marionette" "-foreground" "-no-remote" "-profile" "C:\\Users\\99300\\AppData\\Local\\Temp\\rust_mozprofileUVskvx"
1588559288203	addons.webextension.doh-rollout@mozilla.org	WARN	Loading extension 'doh-rollout@mozilla.org': Reading manifest: Invalid extension permission: networkStatus
1588559288700	addons.webextension.screenshots@mozilla.org	WARN	Loading extension 'screenshots@mozilla.org': Reading manifest: Invalid extension permission: mozillaAddons
1588559288700	addons.webextension.screenshots@mozilla.org	WARN	Loading extension 'screenshots@mozilla.org': Reading manifest: Invalid extension permission: telemetry
1588559288700	addons.webextension.screenshots@mozilla.org	WARN	Loading extension 'screenshots@mozilla.org': Reading manifest: Invalid extension permission: resource://pdf.js/
1588559288700	addons.webextension.screenshots@mozilla.org	WARN	Loading extension 'screenshots@mozilla.org': Reading manifest: Invalid extension permission: about:reader*
JavaScript error: resource://gre/modules/XULStore.jsm, line 66: Error: Can't find profile directory.
1588559290394	Marionette	INFO	Listening on port 56991
1588559290827	Marionette	WARN	TLS certificate errors will be ignored for this session
1588559294479	Marionette	INFO	Stopped listening on port 56991

###!!! [Child][RunMessage] Error: Channel closing: too late to send/recv, messages will be lost

1588562761095	mozrunner::runner	INFO	Running command: "D:\\Program Files\\Firefox\\firefox.exe" "-marionette" "-foreground" "-no-remote" "-profile" "C:\\Users\\99300\\AppData\\Local\\Temp\\rust_mozprofileww40PK"
1588562761444	addons.webextension.doh-rollout@mozilla.org	WARN	Loading extension 'doh-rollout@mozilla.org': Reading manifest: Invalid extension permission: networkStatus
1588562761956	addons.webextension.screenshots@mozilla.org	WARN	Loading extension 'screenshots@mozilla.org': Reading manifest: Invalid extension permission: mozillaAddons
1588562761957	addons.webextension.screenshots@mozilla.org	WARN	Loading extension 'screenshots@mozilla.org': Reading manifest: Invalid extension permission: telemetry
1588562761957	addons.webextension.screenshots@mozilla.org	WARN	Loading extension 'screenshots@mozilla.org': Reading manifest: Invalid extension permission: resource://pdf.js/
1588562761957	addons.webextension.screenshots@mozilla.org	WARN	Loading extension 'screenshots@mozilla.org': Reading manifest: Invalid extension permission: about:reader*
JavaScript error: resource://gre/modules/XULStore.jsm, line 66: Error: Can't find profile directory.
1588562763442	Marionette	INFO	Listening on port 58762
1588562763729	Marionette	WARN	TLS certificate errors will be ignored for this session
1588562764084	Marionette	INFO	Stopped listening on port 58762

###!!! [Child][RunMessage] Error: Channel closing: too late to send/recv, messages will be lost

1588563540487	mozrunner::runner	INFO	Running command: "D:\\Program Files\\Firefox\\firefox.exe" "-marionette" "-foreground" "-no-remote" "-profile" "C:\\Users\\99300\\AppData\\Local\\Temp\\rust_mozprofile7NQ0Rx"
1588563540989	addons.webextension.doh-rollout@mozilla.org	WARN	Loading extension 'doh-rollout@mozilla.org': Reading manifest: Invalid extension permission: networkStatus
1588563541498	addons.webextension.screenshots@mozilla.org	WARN	Loading extension 'screenshots@mozilla.org': Reading manifest: Invalid extension permission: mozillaAddons
1588563541498	addons.webextension.screenshots@mozilla.org	WARN	Loading extension 'screenshots@mozilla.org': Reading manifest: Invalid extension permission: telemetry
1588563541498	addons.webextension.screenshots@mozilla.org	WARN	Loading extension 'screenshots@mozilla.org': Reading manifest: Invalid extension permission: resource://pdf.js/
1588563541498	addons.webextension.screenshots@mozilla.org	WARN	Loading extension 'screenshots@mozilla.org': Reading manifest: Invalid extension permission: about:reader*
JavaScript error: resource://gre/modules/XULStore.jsm, line 66: Error: Can't find profile directory.
1588563543025	Marionette	INFO	Listening on port 59101
1588563543199	Marionette	WARN	TLS certificate errors will be ignored for this session
1588563543554	Marionette	INFO	Stopped listening on port 59101

###!!! [Child][RunMessage] Error: Channel closing: too late to send/recv, messages will be lost

1588564014183	mozrunner::runner	INFO	Running command: "D:\\Program Files\\Firefox\\firefox.exe" "-marionette" "-foreground" "-no-remote" "-profile" "C:\\Users\\99300\\AppData\\Local\\Temp\\rust_mozprofileWzArvZ"
1588564014529	addons.webextension.doh-rollout@mozilla.org	WARN	Loading extension 'doh-rollout@mozilla.org': Reading manifest: Invalid extension permission: networkStatus
1588564014892	addons.webextension.screenshots@mozilla.org	WARN	Loading extension 'screenshots@mozilla.org': Reading manifest: Invalid extension permission: mozillaAddons
1588564014892	addons.webextension.screenshots@mozilla.org	WARN	Loading extension 'screenshots@mozilla.org': Reading manifest: Invalid extension permission: telemetry
1588564014893	addons.webextension.screenshots@mozilla.org	WARN	Loading extension 'screenshots@mozilla.org': Reading manifest: Invalid extension permission: resource://pdf.js/
1588564014893	addons.webextension.screenshots@mozilla.org	WARN	Loading extension 'screenshots@mozilla.org': Reading manifest: Invalid extension permission: about:reader*
JavaScript error: resource://gre/modules/XULStore.jsm, line 66: Error: Can't find profile directory.
1588564016421	Marionette	INFO	Listening on port 59387
1588564016803	Marionette	WARN	TLS certificate errors will be ignored for this session
1588564017164	Marionette	INFO	Stopped listening on port 59387

###!!! [Child][RunMessage] Error: Channel closing: too late to send/recv, messages will be lost

